(ID0_0, ID1_1, AND)
(ID0_0, ID1_1, OR)
(ID1_1, ID2_2, AND)
(ID1_1, ID2_2, OR)
(ID2_2, ID3_3, AND)
(ID2_2, ID3_3, OR)
(ID3_3, ID4_4, AND)
(ID3_3, ID4_4, OR)
(ID4_4, ID5_5, AND)
(ID4_4, ID5_5, OR)
(ID5_5, ID6_6, AND)
(ID5_5, ID6_6, OR)
(ID6_6, ID7_7, AND)
(ID6_6, ID7_7, OR)
(ID7_7, ID8_8, AND)
(ID7_7, ID8_8, OR)
(ID8_8, ID9_9, AND)
(ID8_8, ID9_9, OR)
(ID9_9, ID10_10, AND)
(ID9_9, ID10_10, OR)
(ID10_10, ID11_11, AND)
(ID10_10, ID11_11, OR)
(ID11_11, ID12_12, AND)
(ID11_11, ID12_12, OR)
(ID12_12, ID13_13, AND)
(ID12_12, ID13_13, OR)
(ID13_13, ID14_14, AND)
(ID13_13, ID14_14, OR)
(ID14_14, ID15_15, AND)
(ID14_14, ID15_15, OR)
(ID15_15, ID16_16, AND)
(ID15_15, ID16_16, OR)
(ID16_16, ID17_17, AND)
(ID16_16, ID17_17, OR)
(ID17_17, ID18_18, AND)
(ID17_17, ID18_18, OR)
(ID18_18, ID19_19, AND)
(ID18_18, ID19_19, OR)
(ID19_19, ID20_20, AND)
(ID19_19, ID20_20, OR)
(ID20_20, ID21_21, AND)
(ID20_20, ID21_21, OR)
(ID21_21, ID22_22, AND)
(ID21_21, ID22_22, OR)
(ID22_22, ID23_23, AND)
(ID22_22, ID23_23, OR)
(ID23_23, ID24_24, AND)
(ID23_23, ID24_24, OR)
(ID24_24, ID25_25, AND)
(ID24_24, ID25_25, OR)
(ID25_25, ID26_26, AND)
(ID25_25, ID26_26, OR)
(ID26_26, ID27_27, AND)
(ID26_26, ID27_27, OR)
(ID27_27, ID28_28, AND)
(ID27_27, ID28_28, OR)
(ID28_28, ID29_29, AND)
(ID28_28, ID29_29, OR)
(ID29_29, ID30_30, AND)
(ID29_29, ID30_30, OR)
(ID30_30, ID31_31, AND)
(ID30_30, ID31_31, OR)
(ID31_31, IC0_32, AND)
(ID31_31, IC0_32, OR)
(IC0_32, IC1_33, AND)
(IC0_32, IC1_33, OR)
(IC1_33, IC2_34, AND)
(IC1_33, IC2_34, OR)
(IC2_34, IC3_35, AND)
(IC2_34, IC3_35, OR)
(IC3_35, IC4_36, AND)
(IC3_35, IC4_36, OR)
(IC4_36, IC5_37, AND)
(IC4_36, IC5_37, OR)
(IC5_37, IC6_38, AND)
(IC5_37, IC6_38, OR)
(IC6_38, IC7_39, AND)
(IC6_38, IC7_39, OR)
(IC7_39, R_40, AND)
(IC7_39, R_40, OR)
(OD0_242, OD1_241, AND)
(OD0_242, OD1_241, OR)
(OD1_241, OD2_240, AND)
(OD1_241, OD2_240, OR)
(OD2_240, OD3_239, AND)
(OD2_240, OD3_239, OR)
(OD3_239, OD4_238, AND)
(OD3_239, OD4_238, OR)
(OD4_238, OD5_237, AND)
(OD4_238, OD5_237, OR)
(OD5_237, OD6_236, AND)
(OD5_237, OD6_236, OR)
(OD6_236, OD7_235, AND)
(OD6_236, OD7_235, OR)
(OD7_235, OD8_234, AND)
(OD7_235, OD8_234, OR)
(OD8_234, OD9_233, AND)
(OD8_234, OD9_233, OR)
(OD9_233, OD10_232, AND)
(OD9_233, OD10_232, OR)
(OD10_232, OD11_231, AND)
(OD10_232, OD11_231, OR)
(OD11_231, OD12_230, AND)
(OD11_231, OD12_230, OR)
(OD12_230, OD13_229, AND)
(OD12_230, OD13_229, OR)
(OD13_229, OD14_228, AND)
(OD13_229, OD14_228, OR)
(OD14_228, OD15_227, AND)
(OD14_228, OD15_227, OR)
(OD15_227, OD16_226, AND)
(OD15_227, OD16_226, OR)
(OD16_226, OD17_225, AND)
(OD16_226, OD17_225, OR)
(OD17_225, OD18_224, AND)
(OD17_225, OD18_224, OR)
(OD18_224, OD19_223, AND)
(OD18_224, OD19_223, OR)
(OD19_223, OD20_222, AND)
(OD19_223, OD20_222, OR)
(OD20_222, OD21_221, AND)
(OD20_222, OD21_221, OR)
(OD21_221, OD22_220, AND)
(OD21_221, OD22_220, OR)
(OD22_220, OD23_219, AND)
(OD22_220, OD23_219, OR)
(OD23_219, OD24_218, AND)
(OD23_219, OD24_218, OR)
(OD24_218, OD25_217, AND)
(OD24_218, OD25_217, OR)
(OD25_217, OD26_216, AND)
(OD25_217, OD26_216, OR)
(OD26_216, OD27_215, AND)
(OD26_216, OD27_215, OR)
(OD27_215, OD28_214, AND)
(OD27_215, OD28_214, OR)
(OD28_214, OD29_213, AND)
(OD28_214, OD29_213, OR)
(OD29_213, OD30_212, AND)
(OD29_213, OD30_212, OR)
(OD30_212, OD31_211, AND)
(OD30_212, OD31_211, OR)
(internal__410, internal__407, AND)
(internal__410, internal__407, OR)
(internal__409, internal__406, AND)
(internal__409, internal__406, OR)
(internal__407, internal__404, AND)
(internal__407, internal__404, OR)
(internal__406, internal__403, AND)
(internal__406, internal__403, OR)
(internal__404, internal__401, AND)
(internal__404, internal__401, OR)
(internal__403, internal__400, AND)
(internal__403, internal__400, OR)
(internal__401, internal__398, AND)
(internal__401, internal__398, OR)
(internal__400, internal__397, AND)
(internal__400, internal__397, OR)
(internal__398, internal__395, AND)
(internal__398, internal__395, OR)
(internal__397, internal__394, AND)
(internal__397, internal__394, OR)
(internal__395, internal__392, AND)
(internal__395, internal__392, OR)
(internal__394, internal__391, AND)
(internal__394, internal__391, OR)
(internal__392, internal__389, AND)
(internal__392, internal__389, OR)
(internal__391, internal__388, AND)
(internal__391, internal__388, OR)
(internal__389, internal__386, AND)
(internal__389, internal__386, OR)
(internal__388, internal__385, AND)
(internal__388, internal__385, OR)
(internal__386, internal__383, AND)
(internal__386, internal__383, OR)
(internal__385, internal__382, AND)
(internal__385, internal__382, OR)
(internal__383, internal__380, AND)
(internal__383, internal__380, OR)
(internal__382, internal__379, AND)
(internal__382, internal__379, OR)
(internal__380, internal__377, AND)
(internal__380, internal__377, OR)
(internal__379, internal__376, AND)
(internal__379, internal__376, OR)
(internal__377, internal__374, AND)
(internal__377, internal__374, OR)
(internal__376, internal__373, AND)
(internal__376, internal__373, OR)
(internal__374, internal__371, AND)
(internal__374, internal__371, OR)
(internal__373, internal__370, AND)
(internal__373, internal__370, OR)
(internal__371, internal__368, AND)
(internal__371, internal__368, OR)
(internal__370, internal__367, AND)
(internal__370, internal__367, OR)
(internal__368, internal__365, AND)
(internal__368, internal__365, OR)
(internal__367, internal__364, AND)
(internal__367, internal__364, OR)
(internal__365, internal__362, AND)
(internal__365, internal__362, OR)
(internal__364, internal__361, AND)
(internal__364, internal__361, OR)
(internal__362, internal__359, AND)
(internal__362, internal__359, OR)
(internal__361, internal__358, AND)
(internal__361, internal__358, OR)
(internal__359, internal__356, AND)
(internal__359, internal__356, OR)
(internal__358, internal__355, AND)
(internal__358, internal__355, OR)
(internal__356, internal__353, AND)
(internal__356, internal__353, OR)
(internal__355, internal__352, AND)
(internal__355, internal__352, OR)
(internal__353, internal__350, AND)
(internal__353, internal__350, OR)
(internal__352, internal__349, AND)
(internal__352, internal__349, OR)
(internal__350, internal__347, AND)
(internal__350, internal__347, OR)
(internal__349, internal__346, AND)
(internal__349, internal__346, OR)
(internal__347, internal__344, AND)
(internal__347, internal__344, OR)
(internal__346, internal__343, AND)
(internal__346, internal__343, OR)
(internal__344, internal__341, AND)
(internal__344, internal__341, OR)
(internal__343, internal__340, AND)
(internal__343, internal__340, OR)
(internal__341, internal__338, AND)
(internal__341, internal__338, OR)
(internal__340, internal__337, AND)
(internal__340, internal__337, OR)
(internal__338, internal__335, AND)
(internal__338, internal__335, OR)
(internal__337, internal__334, AND)
(internal__337, internal__334, OR)
(internal__335, internal__332, AND)
(internal__335, internal__332, OR)
(internal__334, internal__331, AND)
(internal__334, internal__331, OR)
(internal__332, internal__329, AND)
(internal__332, internal__329, OR)
(internal__331, internal__328, AND)
(internal__331, internal__328, OR)
(internal__329, internal__326, AND)
(internal__329, internal__326, OR)
(internal__328, internal__325, AND)
(internal__328, internal__325, OR)
(internal__326, internal__323, AND)
(internal__326, internal__323, OR)
(internal__325, internal__322, AND)
(internal__325, internal__322, OR)
(internal__323, internal__320, AND)
(internal__323, internal__320, OR)
(internal__322, internal__319, AND)
(internal__322, internal__319, OR)
(internal__320, internal__317, AND)
(internal__320, internal__317, OR)
(internal__319, internal__316, AND)
(internal__319, internal__316, OR)
(H7_41, H6_42, AND)
(H7_41, H6_42, OR)
(H6_42, H5_43, AND)
(H6_42, H5_43, OR)
(H5_43, H4_44, AND)
(H5_43, H4_44, OR)
(H4_44, H3_45, AND)
(H4_44, H3_45, OR)
(H3_45, H2_46, AND)
(H3_45, H2_46, OR)
(H2_46, H1_47, AND)
(H2_46, H1_47, OR)
(H1_47, H0_48, AND)
(H1_47, H0_48, OR)
(internal__11, internal__10, AND)
(internal__11, internal__10, OR)
(H0_48, ID31_31b, AND)
(H0_48, ID31_31b, OR)
(ID31_31b, ID30_30b, AND)
(ID31_31b, ID30_30b, OR)
(XA15_49, XA14_50, AND)
(XA15_49, XA14_50, OR)
(internal__10, internal__14, AND)
(internal__10, internal__14, OR)
(internal__14, internal__13, AND)
(internal__14, internal__13, OR)
(ID30_30b, ID29_29b, AND)
(ID30_30b, ID29_29b, OR)
(ID29_29b, ID28_28b, AND)
(ID29_29b, ID28_28b, OR)
(XA14_50, XC7_51, AND)
(XA14_50, XC7_51, OR)
(internal__13, internal__17, AND)
(internal__13, internal__17, OR)
(internal__17, internal__16, AND)
(internal__17, internal__16, OR)
(ID28_28b, ID27_27b, AND)
(ID28_28b, ID27_27b, OR)
(XC7_51, XC6_52, AND)
(XC7_51, XC6_52, OR)
(internal__16, internal__20, AND)
(internal__16, internal__20, OR)
(internal__20, internal__19, AND)
(internal__20, internal__19, OR)
(ID27_27b, ID26_26b, AND)
(ID27_27b, ID26_26b, OR)
(XC6_52, XA13_53, AND)
(XC6_52, XA13_53, OR)
(internal__19, internal__23, AND)
(internal__19, internal__23, OR)
(internal__23, internal__22, AND)
(internal__23, internal__22, OR)
(XA13_53, XC5_54, AND)
(XA13_53, XC5_54, OR)
(internal__22, internal__26, AND)
(internal__22, internal__26, OR)
(internal__26, internal__25, AND)
(internal__26, internal__25, OR)
(ID26_26b, ID25_25b, AND)
(ID26_26b, ID25_25b, OR)
(XC5_54, XC4_55, AND)
(XC5_54, XC4_55, OR)
(internal__25, internal__29, AND)
(internal__25, internal__29, OR)
(internal__29, internal__28, AND)
(internal__29, internal__28, OR)
(ID25_25b, ID24_24b, AND)
(ID25_25b, ID24_24b, OR)
(XC4_55, XA12_56, AND)
(XC4_55, XA12_56, OR)
(internal__28, internal__32, AND)
(internal__28, internal__32, OR)
(internal__32, internal__31, AND)
(internal__32, internal__31, OR)
(XA12_56, XA11_57, AND)
(XA12_56, XA11_57, OR)
(internal__31, internal__35, AND)
(internal__31, internal__35, OR)
(internal__35, internal__34, AND)
(internal__35, internal__34, OR)
(ID24_24b, ID23_23b, AND)
(ID24_24b, ID23_23b, OR)
(ID23_23b, ID22_22b, AND)
(ID23_23b, ID22_22b, OR)
(XA11_57, XA10_58, AND)
(XA11_57, XA10_58, OR)
(internal__34, internal__38, AND)
(internal__34, internal__38, OR)
(internal__38, internal__37, AND)
(internal__38, internal__37, OR)
(ID22_22b, ID21_21b, AND)
(ID22_22b, ID21_21b, OR)
(ID21_21b, ID20_20b, AND)
(ID21_21b, ID20_20b, OR)
(XA10_58, XB7_59, AND)
(XA10_58, XB7_59, OR)
(internal__37, internal__41, AND)
(internal__37, internal__41, OR)
(internal__41, internal__40, AND)
(internal__41, internal__40, OR)
(ID20_20b, ID19_19b, AND)
(ID20_20b, ID19_19b, OR)
(XB7_59, XB6_60, AND)
(XB7_59, XB6_60, OR)
(internal__40, internal__44, AND)
(internal__40, internal__44, OR)
(internal__44, internal__43, AND)
(internal__44, internal__43, OR)
(ID19_19b, ID18_18b, AND)
(ID19_19b, ID18_18b, OR)
(XB6_60, XA9_61, AND)
(XB6_60, XA9_61, OR)
(internal__43, internal__47, AND)
(internal__43, internal__47, OR)
(internal__47, internal__46, AND)
(internal__47, internal__46, OR)
(XA9_61, XB5_62, AND)
(XA9_61, XB5_62, OR)
(internal__46, internal__50, AND)
(internal__46, internal__50, OR)
(internal__50, internal__49, AND)
(internal__50, internal__49, OR)
(ID18_18b, ID17_17b, AND)
(ID18_18b, ID17_17b, OR)
(XB5_62, XB4_63, AND)
(XB5_62, XB4_63, OR)
(internal__49, internal__53, AND)
(internal__49, internal__53, OR)
(internal__53, internal__52, AND)
(internal__53, internal__52, OR)
(ID17_17b, ID16_16b, AND)
(ID17_17b, ID16_16b, OR)
(XB4_63, XA8_64, AND)
(XB4_63, XA8_64, OR)
(internal__52, internal__56, AND)
(internal__52, internal__56, OR)
(internal__56, internal__55, AND)
(internal__56, internal__55, OR)
(XA8_64, XA7_65, AND)
(XA8_64, XA7_65, OR)
(internal__55, internal__59, AND)
(internal__55, internal__59, OR)
(internal__59, internal__58, AND)
(internal__59, internal__58, OR)
(ID16_16b, ID15_15b, AND)
(ID16_16b, ID15_15b, OR)
(ID15_15b, ID14_14b, AND)
(ID15_15b, ID14_14b, OR)
(XA7_65, XA6_66, AND)
(XA7_65, XA6_66, OR)
(internal__58, internal__62, AND)
(internal__58, internal__62, OR)
(internal__62, internal__61, AND)
(internal__62, internal__61, OR)
(ID14_14b, ID13_13b, AND)
(ID14_14b, ID13_13b, OR)
(ID13_13b, ID12_12b, AND)
(ID13_13b, ID12_12b, OR)
(XA6_66, XC3_67, AND)
(XA6_66, XC3_67, OR)
(internal__61, internal__65, AND)
(internal__61, internal__65, OR)
(internal__65, internal__64, AND)
(internal__65, internal__64, OR)
(ID12_12b, ID11_11b, AND)
(ID12_12b, ID11_11b, OR)
(XC3_67, XC2_68, AND)
(XC3_67, XC2_68, OR)
(internal__64, internal__68, AND)
(internal__64, internal__68, OR)
(internal__68, internal__67, AND)
(internal__68, internal__67, OR)
(ID11_11b, ID10_10b, AND)
(ID11_11b, ID10_10b, OR)
(XC2_68, XA5_69, AND)
(XC2_68, XA5_69, OR)
(internal__67, internal__71, AND)
(internal__67, internal__71, OR)
(internal__71, internal__70, AND)
(internal__71, internal__70, OR)
(XA5_69, XC1_70, AND)
(XA5_69, XC1_70, OR)
(internal__70, internal__74, AND)
(internal__70, internal__74, OR)
(internal__74, internal__73, AND)
(internal__74, internal__73, OR)
(ID10_10b, ID9_9b, AND)
(ID10_10b, ID9_9b, OR)
(XC1_70, XC0_71, AND)
(XC1_70, XC0_71, OR)
(internal__73, internal__77, AND)
(internal__73, internal__77, OR)
(internal__77, internal__76, AND)
(internal__77, internal__76, OR)
(ID9_9b, ID8_8b, AND)
(ID9_9b, ID8_8b, OR)
(XC0_71, XA4_72, AND)
(XC0_71, XA4_72, OR)
(internal__76, internal__80, AND)
(internal__76, internal__80, OR)
(internal__80, internal__79, AND)
(internal__80, internal__79, OR)
(XA4_72, XA3_73, AND)
(XA4_72, XA3_73, OR)
(internal__79, internal__83, AND)
(internal__79, internal__83, OR)
(internal__83, internal__82, AND)
(internal__83, internal__82, OR)
(ID8_8b, ID7_7b, AND)
(ID8_8b, ID7_7b, OR)
(ID7_7b, ID6_6b, AND)
(ID7_7b, ID6_6b, OR)
(XA3_73, XA2_74, AND)
(XA3_73, XA2_74, OR)
(internal__82, internal__86, AND)
(internal__82, internal__86, OR)
(internal__86, internal__85, AND)
(internal__86, internal__85, OR)
(ID6_6b, ID5_5b, AND)
(ID6_6b, ID5_5b, OR)
(ID5_5b, ID4_4b, AND)
(ID5_5b, ID4_4b, OR)
(XA2_74, XB3_75, AND)
(XA2_74, XB3_75, OR)
(internal__85, internal__89, AND)
(internal__85, internal__89, OR)
(internal__89, internal__88, AND)
(internal__89, internal__88, OR)
(ID4_4b, ID3_3b, AND)
(ID4_4b, ID3_3b, OR)
(XB3_75, XB2_76, AND)
(XB3_75, XB2_76, OR)
(internal__88, internal__92, AND)
(internal__88, internal__92, OR)
(internal__92, internal__91, AND)
(internal__92, internal__91, OR)
(ID3_3b, ID2_2b, AND)
(ID3_3b, ID2_2b, OR)
(XB2_76, XA1_77, AND)
(XB2_76, XA1_77, OR)
(internal__91, internal__95, AND)
(internal__91, internal__95, OR)
(internal__95, internal__94, AND)
(internal__95, internal__94, OR)
(XA1_77, XB1_78, AND)
(XA1_77, XB1_78, OR)
(internal__94, internal__98, AND)
(internal__94, internal__98, OR)
(internal__98, internal__97, AND)
(internal__98, internal__97, OR)
(ID2_2b, ID1_1b, AND)
(ID2_2b, ID1_1b, OR)
(XB1_78, XB0_79, AND)
(XB1_78, XB0_79, OR)
(internal__97, internal__101, AND)
(internal__97, internal__101, OR)
(internal__101, internal__100, AND)
(internal__101, internal__100, OR)
(ID1_1b, ID0_0b, AND)
(ID1_1b, ID0_0b, OR)
(XB0_79, XA0_80, AND)
(XB0_79, XA0_80, OR)
(internal__100, internal__104, AND)
(internal__100, internal__104, OR)
(internal__104, internal__103, AND)
(internal__104, internal__103, OR)
(internal__107, internal__106, AND)
(internal__107, internal__106, OR)
(XA15_49b, XA14_50b, AND)
(XA15_49b, XA14_50b, OR)
(F7_81, XE7_82, AND)
(F7_81, XE7_82, OR)
(internal__106, internal__110, AND)
(internal__106, internal__110, OR)
(internal__110, internal__109, AND)
(internal__110, internal__109, OR)
(XA14_50b, XC7_51b, AND)
(XA14_50b, XC7_51b, OR)
(XC7_51b, XB7_59b, AND)
(XC7_51b, XB7_59b, OR)
(XE7_82, XE6_83, AND)
(XE7_82, XE6_83, OR)
(internal__109, internal__113, AND)
(internal__109, internal__113, OR)
(internal__113, internal__112, AND)
(internal__113, internal__112, OR)
(XB7_59b, XC6_52b, AND)
(XB7_59b, XC6_52b, OR)
(XC6_52b, XB6_60b, AND)
(XC6_52b, XB6_60b, OR)
(XE6_83, F6_84, AND)
(XE6_83, F6_84, OR)
(internal__112, internal__116, AND)
(internal__112, internal__116, OR)
(internal__116, internal__115, AND)
(internal__116, internal__115, OR)
(XB6_60b, XA13_53b, AND)
(XB6_60b, XA13_53b, OR)
(XA13_53b, XA12_56b, AND)
(XA13_53b, XA12_56b, OR)
(F6_84, XE5_85, AND)
(F6_84, XE5_85, OR)
(internal__115, internal__119, AND)
(internal__115, internal__119, OR)
(internal__119, internal__118, AND)
(internal__119, internal__118, OR)
(XA12_56b, XC5_54b, AND)
(XA12_56b, XC5_54b, OR)
(XC5_54b, XB5_62b, AND)
(XC5_54b, XB5_62b, OR)
(XE5_85, XE4_86, AND)
(XE5_85, XE4_86, OR)
(internal__118, internal__122, AND)
(internal__118, internal__122, OR)
(internal__122, internal__121, AND)
(internal__122, internal__121, OR)
(XB5_62b, XC4_55b, AND)
(XB5_62b, XC4_55b, OR)
(XC4_55b, XB4_63b, AND)
(XC4_55b, XB4_63b, OR)
(XE4_86, F5_87, AND)
(XE4_86, F5_87, OR)
(internal__121, internal__125, AND)
(internal__121, internal__125, OR)
(internal__125, internal__124, AND)
(internal__125, internal__124, OR)
(XB4_63b, XA11_57b, AND)
(XB4_63b, XA11_57b, OR)
(XA11_57b, XA10_58b, AND)
(XA11_57b, XA10_58b, OR)
(F5_87, F4_88, AND)
(F5_87, F4_88, OR)
(internal__124, internal__128, AND)
(internal__124, internal__128, OR)
(internal__128, internal__127, AND)
(internal__128, internal__127, OR)
(XA10_58b, XA9_61b, AND)
(XA10_58b, XA9_61b, OR)
(XA9_61b, XA8_64b, AND)
(XA9_61b, XA8_64b, OR)
(F4_88, F3_89, AND)
(F4_88, F3_89, OR)
(internal__127, internal__131, AND)
(internal__127, internal__131, OR)
(internal__131, internal__130, AND)
(internal__131, internal__130, OR)
(XA8_64b, XA7_65b, AND)
(XA8_64b, XA7_65b, OR)
(XA7_65b, XA6_66b, AND)
(XA7_65b, XA6_66b, OR)
(F3_89, XE3_90, AND)
(F3_89, XE3_90, OR)
(internal__130, internal__134, AND)
(internal__130, internal__134, OR)
(internal__134, internal__133, AND)
(internal__134, internal__133, OR)
(XA6_66b, XC3_67b, AND)
(XA6_66b, XC3_67b, OR)
(XC3_67b, XB3_75b, AND)
(XC3_67b, XB3_75b, OR)
(XE3_90, XE2_91, AND)
(XE3_90, XE2_91, OR)
(internal__133, internal__137, AND)
(internal__133, internal__137, OR)
(internal__137, internal__136, AND)
(internal__137, internal__136, OR)
(XB3_75b, XC2_68b, AND)
(XB3_75b, XC2_68b, OR)
(XC2_68b, XB2_76b, AND)
(XC2_68b, XB2_76b, OR)
(XE2_91, F2_92, AND)
(XE2_91, F2_92, OR)
(internal__136, internal__140, AND)
(internal__136, internal__140, OR)
(internal__140, internal__139, AND)
(internal__140, internal__139, OR)
(XB2_76b, XA5_69b, AND)
(XB2_76b, XA5_69b, OR)
(XA5_69b, XA4_72b, AND)
(XA5_69b, XA4_72b, OR)
(F2_92, XE1_93, AND)
(F2_92, XE1_93, OR)
(internal__139, internal__143, AND)
(internal__139, internal__143, OR)
(internal__143, internal__142, AND)
(internal__143, internal__142, OR)
(XA4_72b, XC1_70b, AND)
(XA4_72b, XC1_70b, OR)
(XC1_70b, XB1_78b, AND)
(XC1_70b, XB1_78b, OR)
(XE1_93, XE0_94, AND)
(XE1_93, XE0_94, OR)
(internal__142, internal__146, AND)
(internal__142, internal__146, OR)
(internal__146, internal__145, AND)
(internal__146, internal__145, OR)
(XB1_78b, XC0_71b, AND)
(XB1_78b, XC0_71b, OR)
(XC0_71b, XB0_79b, AND)
(XC0_71b, XB0_79b, OR)
(XE0_94, F1_95, AND)
(XE0_94, F1_95, OR)
(internal__145, internal__149, AND)
(internal__145, internal__149, OR)
(internal__149, internal__148, AND)
(internal__149, internal__148, OR)
(XB0_79b, XA3_73b, AND)
(XB0_79b, XA3_73b, OR)
(XA3_73b, XA2_74b, AND)
(XA3_73b, XA2_74b, OR)
(F1_95, F0_96, AND)
(F1_95, F0_96, OR)
(internal__148, internal__152, AND)
(internal__148, internal__152, OR)
(internal__152, internal__151, AND)
(internal__152, internal__151, OR)
(XA2_74b, XA1_77b, AND)
(XA2_74b, XA1_77b, OR)
(XA1_77b, XA0_80b, AND)
(XA1_77b, XA0_80b, OR)
(internal__155, internal__154, AND)
(internal__155, internal__154, OR)
(F7_81b, F6_84b, AND)
(F7_81b, F6_84b, OR)
(G5_97, G7_98, AND)
(G5_97, G7_98, OR)
(internal__154, internal__158, AND)
(internal__154, internal__158, OR)
(internal__158, internal__157, AND)
(internal__158, internal__157, OR)
(F6_84b, F5_87b, AND)
(F6_84b, F5_87b, OR)
(G7_98, G6_99, AND)
(G7_98, G6_99, OR)
(internal__157, internal__161, AND)
(internal__157, internal__161, OR)
(internal__161, internal__160, AND)
(internal__161, internal__160, OR)
(F5_87b, F4_88b, AND)
(F5_87b, F4_88b, OR)
(G6_99, G4_100, AND)
(G6_99, G4_100, OR)
(internal__160, internal__164, AND)
(internal__160, internal__164, OR)
(internal__164, internal__163, AND)
(internal__164, internal__163, OR)
(G4_100, G1_101, AND)
(G4_100, G1_101, OR)
(internal__163, internal__167, AND)
(internal__163, internal__167, OR)
(internal__167, internal__166, AND)
(internal__167, internal__166, OR)
(F4_88b, F3_89b, AND)
(F4_88b, F3_89b, OR)
(F3_89b, F2_92b, AND)
(F3_89b, F2_92b, OR)
(G1_101, G3_102, AND)
(G1_101, G3_102, OR)
(internal__166, internal__170, AND)
(internal__166, internal__170, OR)
(internal__170, internal__169, AND)
(internal__170, internal__169, OR)
(F2_92b, F1_95b, AND)
(F2_92b, F1_95b, OR)
(G3_102, G2_103, AND)
(G3_102, G2_103, OR)
(internal__169, internal__173, AND)
(internal__169, internal__173, OR)
(internal__173, internal__172, AND)
(internal__173, internal__172, OR)
(F1_95b, F0_96b, AND)
(F1_95b, F0_96b, OR)
(G2_103, G0_104, AND)
(G2_103, G0_104, OR)
(internal__172, internal__176, AND)
(internal__172, internal__176, OR)
(internal__176, internal__175, AND)
(internal__176, internal__175, OR)
(internal__178, G3_102b, AND)
(internal__178, G3_102b, OR)
(internal__103, H7_41b, AND)
(internal__103, H7_41b, OR)
(XD7_105, XD6_106, AND)
(XD7_105, XD6_106, OR)
(internal__179, internal__182, AND)
(internal__179, internal__182, OR)
(G3_102b, internal__181, AND)
(G3_102b, internal__181, OR)
(internal__181, G2_103b, AND)
(internal__181, G2_103b, OR)
(H7_41b, H6_42b, AND)
(H7_41b, H6_42b, OR)
(XD6_106, XD5_107, AND)
(XD6_106, XD5_107, OR)
(internal__182, internal__185, AND)
(internal__182, internal__185, OR)
(G2_103b, internal__184, AND)
(G2_103b, internal__184, OR)
(internal__184, G1_101b, AND)
(internal__184, G1_101b, OR)
(H6_42b, H5_43b, AND)
(H6_42b, H5_43b, OR)
(XD5_107, XD4_108, AND)
(XD5_107, XD4_108, OR)
(internal__185, internal__188, AND)
(internal__185, internal__188, OR)
(G1_101b, internal__187, AND)
(G1_101b, internal__187, OR)
(internal__187, G0_104b, AND)
(internal__187, G0_104b, OR)
(H5_43b, H4_44b, AND)
(H5_43b, H4_44b, OR)
(XD4_108, XD3_109, AND)
(XD4_108, XD3_109, OR)
(internal__188, internal__191, AND)
(internal__188, internal__191, OR)
(G0_104b, internal__190, AND)
(G0_104b, internal__190, OR)
(internal__190, G7_98b, AND)
(internal__190, G7_98b, OR)
(H4_44b, H3_45b, AND)
(H4_44b, H3_45b, OR)
(XD3_109, XD2_110, AND)
(XD3_109, XD2_110, OR)
(internal__191, internal__194, AND)
(internal__191, internal__194, OR)
(G7_98b, internal__193, AND)
(G7_98b, internal__193, OR)
(internal__193, G6_99b, AND)
(internal__193, G6_99b, OR)
(H3_45b, H2_46b, AND)
(H3_45b, H2_46b, OR)
(XD2_110, XD1_111, AND)
(XD2_110, XD1_111, OR)
(internal__194, internal__197, AND)
(internal__194, internal__197, OR)
(G6_99b, internal__196, AND)
(G6_99b, internal__196, OR)
(internal__196, G5_97b, AND)
(internal__196, G5_97b, OR)
(H2_46b, H1_47b, AND)
(H2_46b, H1_47b, OR)
(XD1_111, XD0_112, AND)
(XD1_111, XD0_112, OR)
(internal__197, internal__200, AND)
(internal__197, internal__200, OR)
(G5_97b, internal__199, AND)
(G5_97b, internal__199, OR)
(internal__199, G4_100b, AND)
(internal__199, G4_100b, OR)
(H1_47b, H0_48b, AND)
(H1_47b, H0_48b, OR)
(internal__202, XD7_105b, AND)
(internal__202, XD7_105b, OR)
(F0_96b, XE7_82b, AND)
(F0_96b, XE7_82b, OR)
(S7_113, S6_114, AND)
(S7_113, S6_114, OR)
(internal__203, internal__206, AND)
(internal__203, internal__206, OR)
(XD7_105b, internal__205, AND)
(XD7_105b, internal__205, OR)
(internal__205, XD6_106b, AND)
(internal__205, XD6_106b, OR)
(XE7_82b, XE6_83b, AND)
(XE7_82b, XE6_83b, OR)
(S6_114, S5_115, AND)
(S6_114, S5_115, OR)
(internal__206, internal__209, AND)
(internal__206, internal__209, OR)
(XD6_106b, internal__208, AND)
(XD6_106b, internal__208, OR)
(internal__208, XD5_107b, AND)
(internal__208, XD5_107b, OR)
(XE6_83b, XE5_85b, AND)
(XE6_83b, XE5_85b, OR)
(S5_115, S4_116, AND)
(S5_115, S4_116, OR)
(internal__209, internal__212, AND)
(internal__209, internal__212, OR)
(XD5_107b, internal__211, AND)
(XD5_107b, internal__211, OR)
(internal__211, XD4_108b, AND)
(internal__211, XD4_108b, OR)
(XE5_85b, XE4_86b, AND)
(XE5_85b, XE4_86b, OR)
(S4_116, S3_117, AND)
(S4_116, S3_117, OR)
(internal__212, internal__215, AND)
(internal__212, internal__215, OR)
(XD4_108b, internal__214, AND)
(XD4_108b, internal__214, OR)
(internal__214, XD3_109b, AND)
(internal__214, XD3_109b, OR)
(XE4_86b, XE3_90b, AND)
(XE4_86b, XE3_90b, OR)
(S3_117, S2_118, AND)
(S3_117, S2_118, OR)
(internal__215, internal__218, AND)
(internal__215, internal__218, OR)
(XD3_109b, internal__217, AND)
(XD3_109b, internal__217, OR)
(internal__217, XD2_110b, AND)
(internal__217, XD2_110b, OR)
(XE3_90b, XE2_91b, AND)
(XE3_90b, XE2_91b, OR)
(S2_118, S1_119, AND)
(S2_118, S1_119, OR)
(internal__218, internal__221, AND)
(internal__218, internal__221, OR)
(XD2_110b, internal__220, AND)
(XD2_110b, internal__220, OR)
(internal__220, XD1_111b, AND)
(internal__220, XD1_111b, OR)
(XE2_91b, XE1_93b, AND)
(XE2_91b, XE1_93b, OR)
(S1_119, S0_120, AND)
(S1_119, S0_120, OR)
(internal__221, internal__224, AND)
(internal__221, internal__224, OR)
(XD1_111b, internal__223, AND)
(XD1_111b, internal__223, OR)
(internal__223, XD0_112b, AND)
(internal__223, XD0_112b, OR)
(XE1_93b, XE0_94b, AND)
(XE1_93b, XE0_94b, OR)
(Y7B_121, Y7C_122, AND)
(Y7B_121, Y7C_122, OR)
(Y7C_122, Y7D_123, AND)
(Y7C_122, Y7D_123, OR)
(Y7D_123, Y7I_124, AND)
(Y7D_123, Y7I_124, OR)
(Y7I_124, Y7K_125, AND)
(Y7I_124, Y7K_125, OR)
(Y7K_125, Y6A_126, AND)
(Y7K_125, Y6A_126, OR)
(Y6A_126, Y6C_127, AND)
(Y6A_126, Y6C_127, OR)
(Y6C_127, Y6D_128, AND)
(Y6C_127, Y6D_128, OR)
(Y6D_128, Y6J_129, AND)
(Y6D_128, Y6J_129, OR)
(Y6J_129, Y6L_130, AND)
(Y6J_129, Y6L_130, OR)
(Y6L_130, Y5A_131, AND)
(Y6L_130, Y5A_131, OR)
(Y5A_131, Y5B_132, AND)
(Y5A_131, Y5B_132, OR)
(Y5B_132, Y5D_133, AND)
(Y5B_132, Y5D_133, OR)
(Y5D_133, Y5I_134, AND)
(Y5D_133, Y5I_134, OR)
(Y5I_134, Y5J_135, AND)
(Y5I_134, Y5J_135, OR)
(Y5J_135, Y4A_136, AND)
(Y5J_135, Y4A_136, OR)
(Y4A_136, Y4B_137, AND)
(Y4A_136, Y4B_137, OR)
(Y4B_137, Y4C_138, AND)
(Y4B_137, Y4C_138, OR)
(Y4C_138, Y4K_139, AND)
(Y4C_138, Y4K_139, OR)
(Y4K_139, Y4L_140, AND)
(Y4K_139, Y4L_140, OR)
(Y4L_140, Y3B_141, AND)
(Y4L_140, Y3B_141, OR)
(Y3B_141, Y3C_142, AND)
(Y3B_141, Y3C_142, OR)
(Y3C_142, Y3D_143, AND)
(Y3C_142, Y3D_143, OR)
(Y3D_143, Y3I_144, AND)
(Y3D_143, Y3I_144, OR)
(Y3I_144, Y3K_145, AND)
(Y3I_144, Y3K_145, OR)
(Y3K_145, Y2A_146, AND)
(Y3K_145, Y2A_146, OR)
(Y2A_146, Y2C_147, AND)
(Y2A_146, Y2C_147, OR)
(Y2C_147, Y2D_148, AND)
(Y2C_147, Y2D_148, OR)
(Y2D_148, Y2J_149, AND)
(Y2D_148, Y2J_149, OR)
(Y2J_149, Y2L_150, AND)
(Y2J_149, Y2L_150, OR)
(Y2L_150, Y1A_151, AND)
(Y2L_150, Y1A_151, OR)
(Y1A_151, Y1B_152, AND)
(Y1A_151, Y1B_152, OR)
(Y1B_152, Y1D_153, AND)
(Y1B_152, Y1D_153, OR)
(Y1D_153, Y1I_154, AND)
(Y1D_153, Y1I_154, OR)
(Y1I_154, Y1J_155, AND)
(Y1I_154, Y1J_155, OR)
(Y1J_155, Y0A_156, AND)
(Y1J_155, Y0A_156, OR)
(Y0A_156, Y0B_157, AND)
(Y0A_156, Y0B_157, OR)
(Y0B_157, Y0C_158, AND)
(Y0B_157, Y0C_158, OR)
(Y0C_158, Y0K_159, AND)
(Y0C_158, Y0K_159, OR)
(Y0K_159, Y0L_160, AND)
(Y0K_159, Y0L_160, OR)
(T4_161, T5_162, AND)
(T4_161, T5_162, OR)
(T5_162, T6_163, AND)
(T5_162, T6_163, OR)
(T6_163, T7_164, AND)
(T6_163, T7_164, OR)
(T7_164, T0_165, AND)
(T7_164, T0_165, OR)
(T0_165, T1_166, AND)
(T0_165, T1_166, OR)
(T1_166, T2_167, AND)
(T1_166, T2_167, OR)
(T2_167, T3_168, AND)
(T2_167, T3_168, OR)
(T7_164b, T6_163b, AND)
(T7_164b, T6_163b, OR)
(T6_163b, T5_162b, AND)
(T6_163b, T5_162b, OR)
(T5_162b, T4_161b, AND)
(T5_162b, T4_161b, OR)
(U1_169, U0_170, AND)
(U1_169, U0_170, OR)
(T4_161b, T3_168b, AND)
(T4_161b, T3_168b, OR)
(T3_168b, T2_167b, AND)
(T3_168b, T2_167b, OR)
(T2_167b, T1_166b, AND)
(T2_167b, T1_166b, OR)
(T1_166b, T0_165b, AND)
(T1_166b, T0_165b, OR)
(WB_171, WD_172, AND)
(WB_171, WD_172, OR)
(WD_172, WA_173, AND)
(WD_172, WA_173, OR)
(WA_173, WC_174, AND)
(WA_173, WC_174, OR)
(WC_174, WF_175, AND)
(WC_174, WF_175, OR)
(WF_175, WH_176, AND)
(WF_175, WH_176, OR)
(WH_176, WE_177, AND)
(WH_176, WE_177, OR)
(WE_177, WG_178, AND)
(WE_177, WG_178, OR)
(E19_179, E23_180, AND)
(E19_179, E23_180, OR)
(E23_180, E27_181, AND)
(E23_180, E27_181, OR)
(E27_181, E31_182, AND)
(E27_181, E31_182, OR)
(E31_182, E18_183, AND)
(E31_182, E18_183, OR)
(E18_183, E22_184, AND)
(E18_183, E22_184, OR)
(E22_184, E26_185, AND)
(E22_184, E26_185, OR)
(E26_185, E30_186, AND)
(E26_185, E30_186, OR)
(E30_186, E17_187, AND)
(E30_186, E17_187, OR)
(E17_187, E21_188, AND)
(E17_187, E21_188, OR)
(E21_188, E25_189, AND)
(E21_188, E25_189, OR)
(E25_189, E29_190, AND)
(E25_189, E29_190, OR)
(E29_190, E16_191, AND)
(E29_190, E16_191, OR)
(E16_191, E20_192, AND)
(E16_191, E20_192, OR)
(E20_192, E24_193, AND)
(E20_192, E24_193, OR)
(E24_193, E28_194, AND)
(E24_193, E28_194, OR)
(E28_194, E3_195, AND)
(E28_194, E3_195, OR)
(E3_195, E7_196, AND)
(E3_195, E7_196, OR)
(E7_196, E11_197, AND)
(E7_196, E11_197, OR)
(E11_197, E15_198, AND)
(E11_197, E15_198, OR)
(E15_198, E2_199, AND)
(E15_198, E2_199, OR)
(E2_199, E6_200, AND)
(E2_199, E6_200, OR)
(E6_200, E10_201, AND)
(E6_200, E10_201, OR)
(E10_201, E14_202, AND)
(E10_201, E14_202, OR)
(E14_202, E1_203, AND)
(E14_202, E1_203, OR)
(E1_203, E5_204, AND)
(E1_203, E5_204, OR)
(E5_204, E9_205, AND)
(E5_204, E9_205, OR)
(E9_205, E13_206, AND)
(E9_205, E13_206, OR)
(E13_206, E0_207, AND)
(E13_206, E0_207, OR)
(E0_207, E4_208, AND)
(E0_207, E4_208, OR)
(E4_208, E8_209, AND)
(E4_208, E8_209, OR)
(E8_209, E12_210, AND)
(E8_209, E12_210, OR)
(internal__316, E31_182b, AND)
(internal__316, E31_182b, OR)
(E31_182b, E30_186b, AND)
(E31_182b, E30_186b, OR)
(E30_186b, E29_190b, AND)
(E30_186b, E29_190b, OR)
(E29_190b, E28_194b, AND)
(E29_190b, E28_194b, OR)
(E28_194b, E27_181b, AND)
(E28_194b, E27_181b, OR)
(E27_181b, E26_185b, AND)
(E27_181b, E26_185b, OR)
(E26_185b, E25_189b, AND)
(E26_185b, E25_189b, OR)
(E25_189b, E24_193b, AND)
(E25_189b, E24_193b, OR)
(E24_193b, E23_180b, AND)
(E24_193b, E23_180b, OR)
(E23_180b, E22_184b, AND)
(E23_180b, E22_184b, OR)
(E22_184b, E21_188b, AND)
(E22_184b, E21_188b, OR)
(E21_188b, E20_192b, AND)
(E21_188b, E20_192b, OR)
(E20_192b, E19_179b, AND)
(E20_192b, E19_179b, OR)
(E19_179b, E18_183b, AND)
(E19_179b, E18_183b, OR)
(E18_183b, E17_187b, AND)
(E18_183b, E17_187b, OR)
(E17_187b, E16_191b, AND)
(E17_187b, E16_191b, OR)
(E16_191b, E15_198b, AND)
(E16_191b, E15_198b, OR)
(E15_198b, E14_202b, AND)
(E15_198b, E14_202b, OR)
(E14_202b, E13_206b, AND)
(E14_202b, E13_206b, OR)
(E13_206b, E12_210b, AND)
(E13_206b, E12_210b, OR)
(E12_210b, E11_197b, AND)
(E12_210b, E11_197b, OR)
(E11_197b, E10_201b, AND)
(E11_197b, E10_201b, OR)
(E10_201b, E9_205b, AND)
(E10_201b, E9_205b, OR)
(E9_205b, E8_209b, AND)
(E9_205b, E8_209b, OR)
(E8_209b, E7_196b, AND)
(E8_209b, E7_196b, OR)
(E7_196b, E6_200b, AND)
(E7_196b, E6_200b, OR)
(E6_200b, E5_204b, AND)
(E6_200b, E5_204b, OR)
(E5_204b, E4_208b, AND)
(E5_204b, E4_208b, OR)
(E4_208b, E3_195b, AND)
(E4_208b, E3_195b, OR)
(E3_195b, E2_199b, AND)
(E3_195b, E2_199b, OR)
(E2_199b, E1_203b, AND)
(E2_199b, E1_203b, OR)
(E1_203b, E0_207b, AND)
(E1_203b, E0_207b, OR)
